<?xml version="1.0" encoding="UTF-8"?>
<testng-results skipped="0" failed="0" ignored="0" total="2" passed="2">
  <reporter-output>
  </reporter-output>
  <suite name="Default suite" duration-ms="25262" started-at="2018-09-11T13:24:31Z" finished-at="2018-09-11T13:24:57Z">
    <groups>
    </groups>
    <test name="Default test" duration-ms="25262" started-at="2018-09-11T13:24:31Z" finished-at="2018-09-11T13:24:57Z">
      <class name="test.TaylorSwiftTest">
        <test-method status="PASS" signature="setUpTest()[pri:0, instance:test.TaylorSwiftTest@29774679]" name="setUpTest" is-config="true" duration-ms="4932" started-at="2018-09-11T13:24:31Z" finished-at="2018-09-11T13:24:36Z">
          <reporter-output>
          </reporter-output>
        </test-method> <!-- setUpTest -->
        <test-method status="PASS" signature="wikipediaLoad()[pri:0, instance:test.TaylorSwiftTest@29774679]" name="wikipediaLoad" duration-ms="4732" started-at="2018-09-11T13:24:36Z" finished-at="2018-09-11T13:24:41Z">
          <reporter-output>
          </reporter-output>
        </test-method> <!-- wikipediaLoad -->
        <test-method status="PASS" signature="wikipediaSearch()[pri:0, instance:test.TaylorSwiftTest@29774679]" name="wikipediaSearch" duration-ms="12680" started-at="2018-09-11T13:24:41Z" finished-at="2018-09-11T13:24:54Z">
          <reporter-output>
          </reporter-output>
        </test-method> <!-- wikipediaSearch -->
        <test-method status="PASS" signature="tearDownTest()[pri:0, instance:test.TaylorSwiftTest@29774679]" name="tearDownTest" is-config="true" duration-ms="2899" started-at="2018-09-11T13:24:54Z" finished-at="2018-09-11T13:24:57Z">
          <reporter-output>
          </reporter-output>
        </test-method> <!-- tearDownTest -->
      </class> <!-- test.TaylorSwiftTest -->
    </test> <!-- Default test -->
  </suite> <!-- Default suite -->
</testng-results>
